<?xml version="1.0" encoding="UTF-8"?>
<!-- Generated by org.testng.reporters.JUnitReportReporter -->
<testsuite hostname="lapn222301" failures="0" tests="3" name="com.testng.test1" time="7.164" errors="0" timestamp="2023-10-06T17:26:58 IST" skipped="0">
  <testcase classname="com.testng.test1" name="lauchbrowser" time="6.599"/>
  <system-out/>
  <testcase classname="com.testng.test1" name="getTitle" time="0.004"/>
  <system-out/>
  <testcase classname="com.testng.test1" name="closebrowser" time="0.561"/>
  <system-out/>
</testsuite> <!-- com.testng.test1 -->
