<?xml version="1.0" encoding="UTF-8"?>
<!-- Generated by org.testng.reporters.JUnitReportReporter -->
<testsuite hostname="lapn222301" failures="0" tests="1" name="mvnsecond.MVNproject.AppTest" time="0.004" errors="0" timestamp="2023-10-05T14:24:54 IST" skipped="0">
  <testcase classname="mvnsecond.MVNproject.AppTest" name="shouldAnswerWithTrue" time="0.004"/>
  <system-out/>
</testsuite> <!-- mvnsecond.MVNproject.AppTest -->
