<?xml version="1.0" encoding="UTF-8"?>
<!-- Generated by org.testng.reporters.JUnitReportReporter -->
<testsuite hostname="lapn2223127" failures="0" tests="1" name="MVNprojects.Testng" time="0.007" errors="0" timestamp="2024-04-08T18:35:15 IST" skipped="0">
  <testcase classname="MVNprojects.Testng" name="getTitle" time="0.007"/>
  <system-out/>
</testsuite> <!-- MVNprojects.Testng -->
