<?xml version="1.0" encoding="UTF-8"?>
<!-- Generated by org.testng.reporters.JUnitReportReporter -->
<testsuite hostname="lapn2223127" failures="0" tests="1" name="mvnsecond.MVNproject.AppTest" time="0.001" errors="0" timestamp="2024-04-08T18:35:15 IST" skipped="0">
  <testcase classname="mvnsecond.MVNproject.AppTest" name="shouldAnswerWithTrue" time="0.001"/>
  <system-out/>
</testsuite> <!-- mvnsecond.MVNproject.AppTest -->
